Using pre-set license
Built from '2020.2/release' branch; Version is '2020.2.1f1 (270dd8c3da1c) revision 2559448'; Using compiler version '192528614'; Build Type 'Release'
OS: 'Windows 10  (10.0.0) 64bit' Language: 'es' Physical Memory: 16317 MB
BatchMode: 1, IsHumanControllingUs: 0, StartBugReporterOnCrash: 0, Is64bit: 1, IsPro: 0

 COMMAND LINE ARGUMENTS:
C:\Program Files\Unity\Hub\Editor\2020.2.1f1\Editor\Unity.exe
-adb2
-batchMode
-noUpm
-name
AssetImportWorker0
-projectPath
D:/UnityJuegos/Tomanji3D
-logFile
Logs/AssetImportWorker0.log
-srvPort
60780
Successfully changed project path to: D:/UnityJuegos/Tomanji3D
D:/UnityJuegos/Tomanji3D
Using Asset Import Pipeline V2.
Refreshing native plugins compatible for Editor in 65.03 ms, found 1 plugins.
Preloading 0 native plugins for Editor in 0.00 ms.
Initialize engine version: 2020.2.1f1 (270dd8c3da1c)
[Subsystems] Discovering subsystems at path C:/Program Files/Unity/Hub/Editor/2020.2.1f1/Editor/Data/Resources/UnitySubsystems
[Subsystems] Discovering subsystems at path D:/UnityJuegos/Tomanji3D/Assets
GfxDevice: creating device client; threaded=0
Direct3D:
    Version:  Direct3D 11.0 [level 11.1]
    Renderer: NVIDIA GeForce GTX 1060 6GB (ID=0x1c03)
    Vendor:   
    VRAM:     6052 MB
    Driver:   27.21.14.6140
Shader 'Universal Render Pipeline/Particles/Lit': fallback shader 'Universal Render Pipeline/Particles/SimpleLit' not found
Initialize mono
Mono path[0] = 'C:/Program Files/Unity/Hub/Editor/2020.2.1f1/Editor/Data/Managed'
Mono path[1] = 'C:/Program Files/Unity/Hub/Editor/2020.2.1f1/Editor/Data/MonoBleedingEdge/lib/mono/unityjit'
Mono config path = 'C:/Program Files/Unity/Hub/Editor/2020.2.1f1/Editor/Data/MonoBleedingEdge/etc'
Using monoOptions --debugger-agent=transport=dt_socket,embedding=1,server=y,suspend=n,address=127.0.0.1:56624
Begin MonoManager ReloadAssembly
Registering precompiled unity dll's ...
Register platform support module: C:/Program Files/Unity/Hub/Editor/2020.2.1f1/Editor/Data/PlaybackEngines/WindowsStandaloneSupport/UnityEditor.WindowsStandalone.Extensions.dll
Registered in 0.001859 seconds.
Native extension for WindowsStandalone target not found
Refreshing native plugins compatible for Editor in 61.67 ms, found 1 plugins.
Preloading 0 native plugins for Editor in 0.00 ms.
Invoked RoslynAnalysisRunner static constructor.
RoslynAnalysisRunner will not be running.
RoslynAnalysisRunner has terminated.
Mono: successfully reloaded assembly
- Completed reload, in  2.183 seconds
Platform modules already initialized, skipping
Registering precompiled user dll's ...
Registered in 0.003416 seconds.
Begin MonoManager ReloadAssembly
Symbol file LoadedFromMemory is not a mono symbol file
Native extension for WindowsStandalone target not found
Refreshing native plugins compatible for Editor in 63.85 ms, found 1 plugins.
Preloading 0 native plugins for Editor in 0.00 ms.
Invoked RoslynAnalysisRunner static constructor.
RoslynAnalysisRunner will not be running.
RoslynAnalysisRunner has terminated.
Mono: successfully reloaded assembly
- Completed reload, in  1.946 seconds
Platform modules already initialized, skipping
========================================================================
Worker process is ready to serve import requests
Shader 'Universal Render Pipeline/Particles/Lit': fallback shader 'Universal Render Pipeline/Particles/SimpleLit' not found
Launched and connected shader compiler UnityShaderCompiler.exe after 0.03 seconds
Refreshing native plugins compatible for Editor in 0.66 ms, found 1 plugins.
Preloading 0 native plugins for Editor in 0.00 ms.
Unloading 3433 Unused Serialized files (Serialized files now loaded: 0)
System memory in use before: 151.4 MB.
System memory in use after: 151.6 MB.

Unloading 23 unused Assets to reduce memory usage. Loaded Objects now: 3877.
Total: 2.884300 ms (FindLiveObjects: 0.307100 ms CreateObjectMapping: 0.167100 ms MarkObjects: 2.348900 ms  DeleteObjects: 0.060200 ms)

========================================================================
Received Import Request.
  path: Assets/Sprites/ShipSketch.png
  artifactKey: Guid(e37a106de8a4bda4ab3ae8d5317883a9) Importer(815301076,1909f56bfc062723c751e8b465ee728b)
Start importing Assets/Sprites/ShipSketch.png using Guid(e37a106de8a4bda4ab3ae8d5317883a9) Importer(815301076,1909f56bfc062723c751e8b465ee728b)  -> (artifact id: '9654156eac5f761e466c86bd4afc57db') in 0.075966 seconds
  Import took 0.080777 seconds .

========================================================================
Received Import Request.
  Time since last request: 20.540066 seconds.
  path: Assets/Sprites/ShipSketch.png
  artifactKey: Guid(e37a106de8a4bda4ab3ae8d5317883a9) Importer(815301076,1909f56bfc062723c751e8b465ee728b)
Start importing Assets/Sprites/ShipSketch.png using Guid(e37a106de8a4bda4ab3ae8d5317883a9) Importer(815301076,1909f56bfc062723c751e8b465ee728b)  -> (artifact id: '17d76a4fbaa87c11a08bc2ef289f2fcf') in 0.019556 seconds
  Import took 0.060038 seconds .

========================================================================
Received Import Request.
  Time since last request: 131.056605 seconds.
  path: Assets/Sprites/ShipSketch.png
  artifactKey: Guid(e37a106de8a4bda4ab3ae8d5317883a9) Importer(815301076,1909f56bfc062723c751e8b465ee728b)
Start importing Assets/Sprites/ShipSketch.png using Guid(e37a106de8a4bda4ab3ae8d5317883a9) Importer(815301076,1909f56bfc062723c751e8b465ee728b)  -> (artifact id: '3ca20a2e5adfe778f0f342d752a3b6e2') in 0.063715 seconds
  Import took 0.092262 seconds .

========================================================================
Received Import Request.
  Time since last request: 76.489515 seconds.
  path: Assets/Prefab/FlappyBattleMiniGame
  artifactKey: Guid(476a6769e1a04554da3341711cfa1b7c) Importer(815301076,1909f56bfc062723c751e8b465ee728b)
Start importing Assets/Prefab/FlappyBattleMiniGame using Guid(476a6769e1a04554da3341711cfa1b7c) Importer(815301076,1909f56bfc062723c751e8b465ee728b)  -> (artifact id: 'de1075b5ca8e22b3e1b084bffa1f116b') in 0.007116 seconds
  Import took 0.038040 seconds .

========================================================================
Received Import Request.
  Time since last request: 5.084463 seconds.
  path: Assets/Prefab/FlappyBattleMiniGame/SpaceShip.prefab
  artifactKey: Guid(55805581328d10d498aced9c032f6338) Importer(815301076,1909f56bfc062723c751e8b465ee728b)
Start importing Assets/Prefab/FlappyBattleMiniGame/SpaceShip.prefab using Guid(55805581328d10d498aced9c032f6338) Importer(815301076,1909f56bfc062723c751e8b465ee728b)  -> (artifact id: '90af02fe9a8212f8378167c145b8814d') in 0.013724 seconds
  Import took 0.018994 seconds .

========================================================================
Received Import Request.
  Time since last request: 8.512517 seconds.
  path: Assets/Prefab/FlappyBattleMiniGame/SpaceShip.prefab
  artifactKey: Guid(55805581328d10d498aced9c032f6338) Importer(815301076,1909f56bfc062723c751e8b465ee728b)
Start importing Assets/Prefab/FlappyBattleMiniGame/SpaceShip.prefab using Guid(55805581328d10d498aced9c032f6338) Importer(815301076,1909f56bfc062723c751e8b465ee728b)  -> (artifact id: '02d8d5c23e16d2e9415658c4795a8018') in 0.003466 seconds
  Import took 0.029606 seconds .

========================================================================
Received Import Request.
  Time since last request: 166.490546 seconds.
  path: Assets/Sprites/ShipSketch.rif
  artifactKey: Guid(bf87e55c9a606eb4aa519ecb207f1f1b) Importer(815301076,1909f56bfc062723c751e8b465ee728b)
Start importing Assets/Sprites/ShipSketch.rif using Guid(bf87e55c9a606eb4aa519ecb207f1f1b) Importer(815301076,1909f56bfc062723c751e8b465ee728b)  -> (artifact id: 'dadfddc00acdb2254a8833b364ea5e24') in 0.007758 seconds
  Import took 0.052244 seconds .

========================================================================
Received Import Request.
  Time since last request: 21.565772 seconds.
  path: Assets/Sprites/ShipSketch 1.png
  artifactKey: Guid(789e71a434edd844ca9fcbaefad49417) Importer(815301076,1909f56bfc062723c751e8b465ee728b)
Start importing Assets/Sprites/ShipSketch 1.png using Guid(789e71a434edd844ca9fcbaefad49417) Importer(815301076,1909f56bfc062723c751e8b465ee728b)  -> (artifact id: '7b9739bc2233334e1954865397166dad') in 0.028851 seconds
  Import took 0.034416 seconds .

========================================================================
Received Import Request.
  Time since last request: 40.157974 seconds.
  path: Assets/Sprites/ShipSketch 1.png
  artifactKey: Guid(789e71a434edd844ca9fcbaefad49417) Importer(815301076,1909f56bfc062723c751e8b465ee728b)
Start importing Assets/Sprites/ShipSketch 1.png using Guid(789e71a434edd844ca9fcbaefad49417) Importer(815301076,1909f56bfc062723c751e8b465ee728b)  -> (artifact id: 'a6cea1f502bb4560b4251b9020125a0e') in 0.027078 seconds
  Import took 0.045316 seconds .

========================================================================
Received Import Request.
  Time since last request: 9.710096 seconds.
  path: Assets/Sprites/ShipSketch 1.png
  artifactKey: Guid(789e71a434edd844ca9fcbaefad49417) Importer(815301076,1909f56bfc062723c751e8b465ee728b)
Start importing Assets/Sprites/ShipSketch 1.png using Guid(789e71a434edd844ca9fcbaefad49417) Importer(815301076,1909f56bfc062723c751e8b465ee728b)  -> (artifact id: 'ee70efaa6eec70c735d81e5c785fb63e') in 0.025781 seconds
  Import took 0.031475 seconds .

========================================================================
Received Import Request.
  Time since last request: 0.018206 seconds.
  path: Assets/Sprites/ShipSketch 1.png
  artifactKey: Guid(789e71a434edd844ca9fcbaefad49417) Importer(815301076,1909f56bfc062723c751e8b465ee728b)
Start importing Assets/Sprites/ShipSketch 1.png using Guid(789e71a434edd844ca9fcbaefad49417) Importer(815301076,1909f56bfc062723c751e8b465ee728b)  -> (artifact id: 'ee70efaa6eec70c735d81e5c785fb63e') in 0.019912 seconds
  Import took 0.025743 seconds .

========================================================================
Received Import Request.
  Time since last request: 189.483677 seconds.
  path: Assets/Sprites/ShipSketch 1.png
  artifactKey: Guid(789e71a434edd844ca9fcbaefad49417) Importer(815301076,1909f56bfc062723c751e8b465ee728b)
Start importing Assets/Sprites/ShipSketch 1.png using Guid(789e71a434edd844ca9fcbaefad49417) Importer(815301076,1909f56bfc062723c751e8b465ee728b)  -> (artifact id: 'e16c684eb2f4efe28f8a87e1915a9894') in 0.036788 seconds
  Import took 0.042542 seconds .

========================================================================
Received Import Request.
  Time since last request: 407.006686 seconds.
  path: Assets/Sprites/ShipSketch 1.png
  artifactKey: Guid(789e71a434edd844ca9fcbaefad49417) Importer(815301076,1909f56bfc062723c751e8b465ee728b)
Start importing Assets/Sprites/ShipSketch 1.png using Guid(789e71a434edd844ca9fcbaefad49417) Importer(815301076,1909f56bfc062723c751e8b465ee728b)  -> (artifact id: 'bb2c261972493fa1850663b561b15449') in 0.028977 seconds
  Import took 0.035627 seconds .

========================================================================
Received Import Request.
  Time since last request: 0.000195 seconds.
  path: Assets/Sprites/ShipSketch 1_bak.png
  artifactKey: Guid(02f12fe4d5166f641b698c1ec3de6b5e) Importer(815301076,1909f56bfc062723c751e8b465ee728b)
Start importing Assets/Sprites/ShipSketch 1_bak.png using Guid(02f12fe4d5166f641b698c1ec3de6b5e) Importer(815301076,1909f56bfc062723c751e8b465ee728b)  -> (artifact id: 'e9803676d33f58be2a6befdf301ab966') in 0.023142 seconds
  Import took 0.028809 seconds .

========================================================================
Received Import Request.
  Time since last request: 16.304989 seconds.
  path: Assets/Sprites/ShipSketch 1.png
  artifactKey: Guid(789e71a434edd844ca9fcbaefad49417) Importer(815301076,1909f56bfc062723c751e8b465ee728b)
Start importing Assets/Sprites/ShipSketch 1.png using Guid(789e71a434edd844ca9fcbaefad49417) Importer(815301076,1909f56bfc062723c751e8b465ee728b)  -> (artifact id: '4ffcd9427a9764ee4a7035efae7c9602') in 0.025717 seconds
  Import took 0.030609 seconds .

========================================================================
Received Import Request.
  Time since last request: 0.000221 seconds.
  path: Assets/Sprites/ShipSketch 1_bak.png
  artifactKey: Guid(02f12fe4d5166f641b698c1ec3de6b5e) Importer(815301076,1909f56bfc062723c751e8b465ee728b)
Start importing Assets/Sprites/ShipSketch 1_bak.png using Guid(02f12fe4d5166f641b698c1ec3de6b5e) Importer(815301076,1909f56bfc062723c751e8b465ee728b)  -> (artifact id: 'a399aabecb9156317ddf51ade72a8080') in 0.026595 seconds
  Import took 0.032151 seconds .

========================================================================
Received Import Request.
  Time since last request: 12.591015 seconds.
  path: Assets/Sprites/ShipSketch 1.png
  artifactKey: Guid(789e71a434edd844ca9fcbaefad49417) Importer(815301076,1909f56bfc062723c751e8b465ee728b)
Start importing Assets/Sprites/ShipSketch 1.png using Guid(789e71a434edd844ca9fcbaefad49417) Importer(815301076,1909f56bfc062723c751e8b465ee728b)  -> (artifact id: '2d862b4edfc2e6858a78c9bba39e6e54') in 0.027421 seconds
  Import took 0.032944 seconds .

========================================================================
Received Import Request.
  Time since last request: 0.000199 seconds.
  path: Assets/Sprites/ShipSketch 1_bak.png
  artifactKey: Guid(02f12fe4d5166f641b698c1ec3de6b5e) Importer(815301076,1909f56bfc062723c751e8b465ee728b)
Start importing Assets/Sprites/ShipSketch 1_bak.png using Guid(02f12fe4d5166f641b698c1ec3de6b5e) Importer(815301076,1909f56bfc062723c751e8b465ee728b)  -> (artifact id: '5028b4ebc9b64fd9cbe55492dded23b1') in 0.019339 seconds
  Import took 0.024109 seconds .

========================================================================
Received Import Request.
  Time since last request: 9.116677 seconds.
  path: Assets/Sprites/ShipSketch 1.png
  artifactKey: Guid(789e71a434edd844ca9fcbaefad49417) Importer(815301076,1909f56bfc062723c751e8b465ee728b)
Start importing Assets/Sprites/ShipSketch 1.png using Guid(789e71a434edd844ca9fcbaefad49417) Importer(815301076,1909f56bfc062723c751e8b465ee728b)  -> (artifact id: '4260350cfc3c32621c0c8a3eff5d804d') in 0.039628 seconds
  Import took 0.074064 seconds .

========================================================================
Received Import Request.
  Time since last request: 0.000226 seconds.
  path: Assets/Sprites/ShipSketch 1_bak.png
  artifactKey: Guid(02f12fe4d5166f641b698c1ec3de6b5e) Importer(815301076,1909f56bfc062723c751e8b465ee728b)
Start importing Assets/Sprites/ShipSketch 1_bak.png using Guid(02f12fe4d5166f641b698c1ec3de6b5e) Importer(815301076,1909f56bfc062723c751e8b465ee728b)  -> (artifact id: 'a018a999de6b9c0147f156e17c51d86f') in 0.020098 seconds
  Import took 0.024931 seconds .

========================================================================
Received Import Request.
  Time since last request: 9.881316 seconds.
  path: Assets/Sprites/ShipSketch 1.png
  artifactKey: Guid(789e71a434edd844ca9fcbaefad49417) Importer(815301076,1909f56bfc062723c751e8b465ee728b)
Start importing Assets/Sprites/ShipSketch 1.png using Guid(789e71a434edd844ca9fcbaefad49417) Importer(815301076,1909f56bfc062723c751e8b465ee728b)  -> (artifact id: 'c2e70cb89a14f4d2dfbffc4da22385ea') in 0.025279 seconds
  Import took 0.041869 seconds .

========================================================================
Received Import Request.
  Time since last request: 0.000259 seconds.
  path: Assets/Sprites/ShipSketch 1_bak.png
  artifactKey: Guid(02f12fe4d5166f641b698c1ec3de6b5e) Importer(815301076,1909f56bfc062723c751e8b465ee728b)
Start importing Assets/Sprites/ShipSketch 1_bak.png using Guid(02f12fe4d5166f641b698c1ec3de6b5e) Importer(815301076,1909f56bfc062723c751e8b465ee728b)  -> (artifact id: 'a556e8f431044f21e3ca83017a301904') in 0.018305 seconds
  Import took 0.023931 seconds .

AssetImportWorkerClient::OnTransportError - code=2 error=End of file
