Using pre-set license
Built from '2020.2/release' branch; Version is '2020.2.1f1 (270dd8c3da1c) revision 2559448'; Using compiler version '192528614'; Build Type 'Release'
OS: 'Windows 10  (10.0.0) 64bit' Language: 'es' Physical Memory: 16317 MB
BatchMode: 1, IsHumanControllingUs: 0, StartBugReporterOnCrash: 0, Is64bit: 1, IsPro: 0

 COMMAND LINE ARGUMENTS:
C:\Program Files\Unity\Hub\Editor\2020.2.1f1\Editor\Unity.exe
-adb2
-batchMode
-noUpm
-name
AssetImportWorker0
-projectPath
D:/UnityJuegos/Tomanji3D
-logFile
Logs/AssetImportWorker0.log
-srvPort
62425
Successfully changed project path to: D:/UnityJuegos/Tomanji3D
D:/UnityJuegos/Tomanji3D
Using Asset Import Pipeline V2.
Refreshing native plugins compatible for Editor in 67.11 ms, found 1 plugins.
Preloading 0 native plugins for Editor in 0.00 ms.
Initialize engine version: 2020.2.1f1 (270dd8c3da1c)
[Subsystems] Discovering subsystems at path C:/Program Files/Unity/Hub/Editor/2020.2.1f1/Editor/Data/Resources/UnitySubsystems
[Subsystems] Discovering subsystems at path D:/UnityJuegos/Tomanji3D/Assets
GfxDevice: creating device client; threaded=0
Direct3D:
    Version:  Direct3D 11.0 [level 11.1]
    Renderer: NVIDIA GeForce GTX 1060 6GB (ID=0x1c03)
    Vendor:   
    VRAM:     6052 MB
    Driver:   27.21.14.6140
Shader 'Universal Render Pipeline/Particles/Lit': fallback shader 'Universal Render Pipeline/Particles/SimpleLit' not found
Initialize mono
Mono path[0] = 'C:/Program Files/Unity/Hub/Editor/2020.2.1f1/Editor/Data/Managed'
Mono path[1] = 'C:/Program Files/Unity/Hub/Editor/2020.2.1f1/Editor/Data/MonoBleedingEdge/lib/mono/unityjit'
Mono config path = 'C:/Program Files/Unity/Hub/Editor/2020.2.1f1/Editor/Data/MonoBleedingEdge/etc'
Using monoOptions --debugger-agent=transport=dt_socket,embedding=1,server=y,suspend=n,address=127.0.0.1:56412
Begin MonoManager ReloadAssembly
Registering precompiled unity dll's ...
Register platform support module: C:/Program Files/Unity/Hub/Editor/2020.2.1f1/Editor/Data/PlaybackEngines/WindowsStandaloneSupport/UnityEditor.WindowsStandalone.Extensions.dll
Registered in 0.001816 seconds.
Native extension for WindowsStandalone target not found
Refreshing native plugins compatible for Editor in 62.76 ms, found 1 plugins.
Preloading 0 native plugins for Editor in 0.00 ms.
Invoked RoslynAnalysisRunner static constructor.
RoslynAnalysisRunner will not be running.
RoslynAnalysisRunner has terminated.
Mono: successfully reloaded assembly
- Completed reload, in  2.235 seconds
Platform modules already initialized, skipping
Registering precompiled user dll's ...
Registered in 0.003447 seconds.
Begin MonoManager ReloadAssembly
Symbol file LoadedFromMemory is not a mono symbol file
Native extension for WindowsStandalone target not found
Refreshing native plugins compatible for Editor in 64.21 ms, found 1 plugins.
Preloading 0 native plugins for Editor in 0.00 ms.
Invoked RoslynAnalysisRunner static constructor.
RoslynAnalysisRunner will not be running.
RoslynAnalysisRunner has terminated.
Mono: successfully reloaded assembly
- Completed reload, in  1.791 seconds
Platform modules already initialized, skipping
========================================================================
Worker process is ready to serve import requests
Shader 'Universal Render Pipeline/Particles/Lit': fallback shader 'Universal Render Pipeline/Particles/SimpleLit' not found
Launched and connected shader compiler UnityShaderCompiler.exe after 0.03 seconds
Refreshing native plugins compatible for Editor in 0.64 ms, found 1 plugins.
Preloading 0 native plugins for Editor in 0.00 ms.
Unloading 3433 Unused Serialized files (Serialized files now loaded: 0)
System memory in use before: 151.4 MB.
System memory in use after: 151.6 MB.

Unloading 23 unused Assets to reduce memory usage. Loaded Objects now: 3877.
Total: 2.652500 ms (FindLiveObjects: 0.293900 ms CreateObjectMapping: 0.160900 ms MarkObjects: 2.138300 ms  DeleteObjects: 0.058300 ms)

========================================================================
Received Import Request.
  path: Assets/Resources/Player.prefab
  artifactKey: Guid(de20f4a0282be484897a849292003f72) Importer(815301076,1909f56bfc062723c751e8b465ee728b)
Start importing Assets/Resources/Player.prefab using Guid(de20f4a0282be484897a849292003f72) Importer(815301076,1909f56bfc062723c751e8b465ee728b)  -> (artifact id: '3b96de2c3fc217a17d8c1b99b883afce') in 0.489496 seconds
  Import took 0.495856 seconds .

========================================================================
Received Import Request.
  Time since last request: 7.833346 seconds.
  path: Assets/Scenes/FlappyBattleMiniGame.unity
  artifactKey: Guid(2dccbb9b555be5f4f82ffed117190e09) Importer(815301076,1909f56bfc062723c751e8b465ee728b)
Start importing Assets/Scenes/FlappyBattleMiniGame.unity using Guid(2dccbb9b555be5f4f82ffed117190e09) Importer(815301076,1909f56bfc062723c751e8b465ee728b)  -> (artifact id: '94be3ab6d42c6462b4038073d8edf698') in 0.007111 seconds
  Import took 0.012451 seconds .

========================================================================
Received Import Request.
  Time since last request: 0.866511 seconds.
  path: Assets/Scenes/FlappyBattleMiniGame 1.unity
  artifactKey: Guid(344bcef57ec5f324d85881e01454a4d7) Importer(815301076,1909f56bfc062723c751e8b465ee728b)
Start importing Assets/Scenes/FlappyBattleMiniGame 1.unity using Guid(344bcef57ec5f324d85881e01454a4d7) Importer(815301076,1909f56bfc062723c751e8b465ee728b)  -> (artifact id: 'f819fffcf238d3fcbee7b82265455ed0') in 0.006474 seconds
  Import took 0.027303 seconds .

========================================================================
Received Import Request.
  Time since last request: 6.841806 seconds.
  path: Assets/Scenes/MiniGameTemplate.unity
  artifactKey: Guid(344bcef57ec5f324d85881e01454a4d7) Importer(815301076,1909f56bfc062723c751e8b465ee728b)
Start importing Assets/Scenes/MiniGameTemplate.unity using Guid(344bcef57ec5f324d85881e01454a4d7) Importer(815301076,1909f56bfc062723c751e8b465ee728b)  -> (artifact id: '11f078325cc1da3ea45baae81fa1f963') in 0.006579 seconds
  Import took 0.012910 seconds .

